<?xml version="1.0" encoding="UTF-8"?>
<!-- Generated by org.testng.reporters.JUnitXMLReporter -->
<testsuite ignored="3" hostname="DESKTOP-QM65LPC" failures="0" tests="3" name="Test" time="112.18" errors="0" timestamp="01 Jun 2023 14:44:09 GMT">
  <testcase classname="TestingPractice.ExcelOperationTC" name="actitimeLogin" time="110.722"/>
  <testcase classname="TestingPractice.ExcelOperation1" name="readAllDataFromSheet" time="0.032"/>
  <testcase classname="Pract2.Example1" name="Testcase1" time="0.001"/>
  <testcase classname="TestingPractice.ExcelOperation1" name="getDiffTypeOfCellData" time="0.0">
    <ignored/>
  </testcase> <!-- getDiffTypeOfCellData -->
  <testcase classname="TestingPractice.ExcelOperation1" name="testCase" time="0.0">
    <ignored/>
  </testcase> <!-- testCase -->
  <testcase classname="TestingPractice.ExcelOperation1" name="readSheetDetails" time="0.0">
    <ignored/>
  </testcase> <!-- readSheetDetails -->
</testsuite> <!-- Test -->
