<?xml version="1.0" encoding="UTF-8"?>
<testng-results ignored="3" total="6" passed="3" failed="0" skipped="0">
  <reporter-output>
  </reporter-output>
  <suite started-at="2023-06-01T14:45:20Z" name="Suite" finished-at="2023-06-01T14:47:09Z" duration-ms="108368">
    <groups>
    </groups>
    <test started-at="2023-06-01T14:45:20Z" name="Test" finished-at="2023-06-01T14:47:09Z" duration-ms="108368">
      <class name="TestingPractice.ExcelOperation1">
        <test-method signature="readAllDataFromSheet()[pri:0, instance:TestingPractice.ExcelOperation1@172b013]" started-at="2023-06-01T14:47:08Z" name="readAllDataFromSheet" finished-at="2023-06-01T14:47:08Z" duration-ms="32" status="PASS">
          <reporter-output>
          </reporter-output>
        </test-method> <!-- readAllDataFromSheet -->
      </class> <!-- TestingPractice.ExcelOperation1 -->
      <class name="Pract2.Example1">
        <test-method signature="Testcase1()[pri:0, instance:Pract2.Example1@56673b2c]" started-at="2023-06-01T14:47:08Z" name="Testcase1" finished-at="2023-06-01T14:47:08Z" duration-ms="0" status="PASS">
          <reporter-output>
          </reporter-output>
        </test-method> <!-- Testcase1 -->
      </class> <!-- Pract2.Example1 -->
      <class name="TestingPractice.ExcelOperationTC">
        <test-method is-config="true" signature="getData()[pri:0, instance:TestingPractice.ExcelOperationTC@58ce9668]" started-at="2023-06-01T14:45:20Z" name="getData" finished-at="2023-06-01T14:45:21Z" duration-ms="1010" status="PASS">
          <reporter-output>
          </reporter-output>
        </test-method> <!-- getData -->
        <test-method signature="actitimeLogin()[pri:0, instance:TestingPractice.ExcelOperationTC@58ce9668]" started-at="2023-06-01T14:45:21Z" name="actitimeLogin" finished-at="2023-06-01T14:47:08Z" duration-ms="107185" status="PASS">
          <reporter-output>
          </reporter-output>
        </test-method> <!-- actitimeLogin -->
        <test-method is-config="true" signature="cleanUp1()[pri:0, instance:TestingPractice.ExcelOperationTC@58ce9668]" started-at="2023-06-01T14:47:08Z" name="cleanUp1" finished-at="2023-06-01T14:47:09Z" duration-ms="122" status="PASS">
          <reporter-output>
          </reporter-output>
        </test-method> <!-- cleanUp1 -->
      </class> <!-- TestingPractice.ExcelOperationTC -->
    </test> <!-- Test -->
  </suite> <!-- Suite -->
</testng-results>
